c:\users\frankie\gamemod\mods\quake2-full\debug\game.bsc
c:\users\frankie\gamemod\mods\quake2-full\game\debug\vc120.pdb
c:\users\frankie\gamemod\mods\quake2-full\game\debug\vc120.idb
c:\users\frankie\gamemod\mods\quake2-full\game\debug\q_shared.sbr
c:\users\frankie\gamemod\mods\quake2-full\game\debug\p_weapon.sbr
c:\users\frankie\gamemod\mods\quake2-full\game\debug\p_view.sbr
c:\users\frankie\gamemod\mods\quake2-full\game\debug\p_trail.sbr
c:\users\frankie\gamemod\mods\quake2-full\game\debug\p_hud.sbr
c:\users\frankie\gamemod\mods\quake2-full\game\debug\p_client.sbr
c:\users\frankie\gamemod\mods\quake2-full\game\debug\m_tank.sbr
c:\users\frankie\gamemod\mods\quake2-full\game\debug\m_supertank.sbr
c:\users\frankie\gamemod\mods\quake2-full\game\debug\m_soldier.sbr
c:\users\frankie\gamemod\mods\quake2-full\game\debug\m_parasite.sbr
c:\users\frankie\gamemod\mods\quake2-full\game\debug\m_mutant.sbr
c:\users\frankie\gamemod\mods\quake2-full\game\debug\m_move.sbr
c:\users\frankie\gamemod\mods\quake2-full\game\debug\m_medic.sbr
c:\users\frankie\gamemod\mods\quake2-full\game\debug\m_insane.sbr
c:\users\frankie\gamemod\mods\quake2-full\game\debug\m_infantry.sbr
c:\users\frankie\gamemod\mods\quake2-full\game\debug\m_hover.sbr
c:\users\frankie\gamemod\mods\quake2-full\game\debug\m_gunner.sbr
c:\users\frankie\gamemod\mods\quake2-full\game\debug\m_gladiator.sbr
c:\users\frankie\gamemod\mods\quake2-full\game\debug\m_flyer.sbr
c:\users\frankie\gamemod\mods\quake2-full\game\debug\m_float.sbr
c:\users\frankie\gamemod\mods\quake2-full\game\debug\m_float.obj
c:\users\frankie\gamemod\mods\quake2-full\game\debug\m_flyer.obj
c:\users\frankie\gamemod\mods\quake2-full\game\debug\m_gladiator.obj
c:\users\frankie\gamemod\mods\quake2-full\game\debug\m_gunner.obj
c:\users\frankie\gamemod\mods\quake2-full\game\debug\m_hover.obj
c:\users\frankie\gamemod\mods\quake2-full\game\debug\m_infantry.obj
c:\users\frankie\gamemod\mods\quake2-full\game\debug\m_insane.obj
c:\users\frankie\gamemod\mods\quake2-full\game\debug\m_medic.obj
c:\users\frankie\gamemod\mods\quake2-full\game\debug\m_move.obj
c:\users\frankie\gamemod\mods\quake2-full\game\debug\m_mutant.obj
c:\users\frankie\gamemod\mods\quake2-full\game\debug\m_parasite.obj
c:\users\frankie\gamemod\mods\quake2-full\game\debug\m_soldier.obj
c:\users\frankie\gamemod\mods\quake2-full\game\debug\m_supertank.obj
c:\users\frankie\gamemod\mods\quake2-full\game\debug\m_tank.obj
c:\users\frankie\gamemod\mods\quake2-full\game\debug\p_client.obj
c:\users\frankie\gamemod\mods\quake2-full\game\debug\p_hud.obj
c:\users\frankie\gamemod\mods\quake2-full\game\debug\p_trail.obj
c:\users\frankie\gamemod\mods\quake2-full\game\debug\p_view.obj
c:\users\frankie\gamemod\mods\quake2-full\game\debug\p_weapon.obj
c:\users\frankie\gamemod\mods\quake2-full\game\debug\q_shared.obj
c:\users\frankie\gamemod\mods\quake2-full\game\debug\m_flipper.sbr
c:\users\frankie\gamemod\mods\quake2-full\game\debug\m_flash.sbr
c:\users\frankie\gamemod\mods\quake2-full\game\debug\m_chick.sbr
c:\users\frankie\gamemod\mods\quake2-full\game\debug\m_brain.sbr
c:\users\frankie\gamemod\mods\quake2-full\game\debug\m_boss32.sbr
c:\users\frankie\gamemod\mods\quake2-full\game\debug\m_boss31.sbr
c:\users\frankie\gamemod\mods\quake2-full\game\debug\m_boss3.sbr
c:\users\frankie\gamemod\mods\quake2-full\game\debug\m_boss2.sbr
c:\users\frankie\gamemod\mods\quake2-full\game\debug\m_berserk.sbr
c:\users\frankie\gamemod\mods\quake2-full\game\debug\m_actor.sbr
c:\users\frankie\gamemod\mods\quake2-full\game\debug\g_weapon.sbr
c:\users\frankie\gamemod\mods\quake2-full\game\debug\g_utils.sbr
c:\users\frankie\gamemod\mods\quake2-full\game\debug\g_turret.sbr
c:\users\frankie\gamemod\mods\quake2-full\game\debug\g_trigger.sbr
c:\users\frankie\gamemod\mods\quake2-full\game\debug\g_target.sbr
c:\users\frankie\gamemod\mods\quake2-full\game\debug\g_svcmds.sbr
c:\users\frankie\gamemod\mods\quake2-full\game\debug\g_spawn.sbr
c:\users\frankie\gamemod\mods\quake2-full\game\debug\g_save.sbr
c:\users\frankie\gamemod\mods\quake2-full\game\debug\g_phys.sbr
c:\users\frankie\gamemod\mods\quake2-full\game\debug\g_monster.sbr
c:\users\frankie\gamemod\mods\quake2-full\game\debug\g_monster.obj
c:\users\frankie\gamemod\mods\quake2-full\game\debug\g_phys.obj
c:\users\frankie\gamemod\mods\quake2-full\game\debug\g_save.obj
c:\users\frankie\gamemod\mods\quake2-full\game\debug\g_spawn.obj
c:\users\frankie\gamemod\mods\quake2-full\game\debug\g_svcmds.obj
c:\users\frankie\gamemod\mods\quake2-full\game\debug\g_target.obj
c:\users\frankie\gamemod\mods\quake2-full\game\debug\g_trigger.obj
c:\users\frankie\gamemod\mods\quake2-full\game\debug\g_turret.obj
c:\users\frankie\gamemod\mods\quake2-full\game\debug\g_utils.obj
c:\users\frankie\gamemod\mods\quake2-full\game\debug\g_weapon.obj
c:\users\frankie\gamemod\mods\quake2-full\game\debug\m_actor.obj
c:\users\frankie\gamemod\mods\quake2-full\game\debug\m_berserk.obj
c:\users\frankie\gamemod\mods\quake2-full\game\debug\m_boss2.obj
c:\users\frankie\gamemod\mods\quake2-full\game\debug\m_boss3.obj
c:\users\frankie\gamemod\mods\quake2-full\game\debug\m_boss31.obj
c:\users\frankie\gamemod\mods\quake2-full\game\debug\m_boss32.obj
c:\users\frankie\gamemod\mods\quake2-full\game\debug\m_brain.obj
c:\users\frankie\gamemod\mods\quake2-full\game\debug\m_chick.obj
c:\users\frankie\gamemod\mods\quake2-full\game\debug\m_flash.obj
c:\users\frankie\gamemod\mods\quake2-full\game\debug\m_flipper.obj
c:\users\frankie\gamemod\mods\quake2-full\game\debug\g_misc.sbr
c:\users\frankie\gamemod\mods\quake2-full\game\debug\g_main.sbr
c:\users\frankie\gamemod\mods\quake2-full\game\debug\g_items.sbr
c:\users\frankie\gamemod\mods\quake2-full\game\debug\g_func.sbr
c:\users\frankie\gamemod\mods\quake2-full\game\debug\g_combat.sbr
c:\users\frankie\gamemod\mods\quake2-full\game\debug\g_cmds.sbr
c:\users\frankie\gamemod\mods\quake2-full\game\debug\g_chase.sbr
c:\users\frankie\gamemod\mods\quake2-full\game\debug\g_ai.sbr
c:\users\frankie\gamemod\mods\quake2-full\game\debug\g_ai.obj
c:\users\frankie\gamemod\mods\quake2-full\game\debug\g_chase.obj
c:\users\frankie\gamemod\mods\quake2-full\game\debug\g_cmds.obj
c:\users\frankie\gamemod\mods\quake2-full\game\debug\g_combat.obj
c:\users\frankie\gamemod\mods\quake2-full\game\debug\g_func.obj
c:\users\frankie\gamemod\mods\quake2-full\game\debug\g_items.obj
c:\users\frankie\gamemod\mods\quake2-full\game\debug\g_main.obj
c:\users\frankie\gamemod\mods\quake2-full\game\debug\g_misc.obj
c:\users\frankie\gamemod\mods\quake2-full\debug\gamex86.lib
c:\users\frankie\gamemod\mods\quake2-full\debug\gamex86.exp
c:\program files (x86)\steam\steamapps\common\quake 2\mod\gamex86.dll
c:\program files (x86)\steam\steamapps\common\quake 2\mod\game.pdb
c:\users\frankie\gamemod\mods\quake2-full\game\debug\game.tlog\bscmake.command.1.tlog
c:\users\frankie\gamemod\mods\quake2-full\game\debug\game.tlog\bscmake.read.1.tlog
c:\users\frankie\gamemod\mods\quake2-full\game\debug\game.tlog\bscmake.write.1.tlog
c:\users\frankie\gamemod\mods\quake2-full\game\debug\game.tlog\cl.command.1.tlog
c:\users\frankie\gamemod\mods\quake2-full\game\debug\game.tlog\cl.read.1.tlog
c:\users\frankie\gamemod\mods\quake2-full\game\debug\game.tlog\cl.write.1.tlog
c:\users\frankie\gamemod\mods\quake2-full\game\debug\game.tlog\game.write.1u.tlog
c:\users\frankie\gamemod\mods\quake2-full\game\debug\game.tlog\link.command.1.tlog
c:\users\frankie\gamemod\mods\quake2-full\game\debug\game.tlog\link.read.1.tlog
c:\users\frankie\gamemod\mods\quake2-full\game\debug\game.tlog\link.write.1.tlog
