Build started 12/4/2019 11:45:16 AM.
     1>Project "C:\Users\Frankie\GameMod\mods\quake2-full\game\game.vcxproj" on node 2 (Build target(s)).
     1>C:\Program Files (x86)\MSBuild\Microsoft.Cpp\v4.0\V120\Microsoft.CppBuild.targets(357,5): warning MSB8004: Output Directory does not end with a trailing slash.  This build instance will add the slash as it is required to allow proper evaluation of the Output Directory.
     1>ClCompile:
         C:\Program Files (x86)\Microsoft Visual Studio 12.0\VC\bin\CL.exe /c /ZI /nologo /W3 /WX- /Od /Oy- /D WIN32 /D _DEBUG /D _WINDOWS /D BUILDING_REF_GL /D _VC80_UPGRADE=0x0600 /D _WINDLL /Gm /EHsc /MTd /GS /Gy- /fp:precise /Zc:wchar_t /Zc:forScope /Fo".\debug\\" /Fd".\debug\vc120.pdb" /FR".\debug\\" /Gd /TC /analyze- /errorReport:prompt m_tank.c
         m_tank.c
     1>c:\users\frankie\gamemod\mods\quake2-full\game\m_tank.c(345): warning C4013: 'FindMonster' undefined; assuming extern returning int
     1>c:\users\frankie\gamemod\mods\quake2-full\game\m_tank.c(345): warning C4047: 'initializing' : 'edict_t *' differs in levels of indirection from 'int'
     1>c:\users\frankie\gamemod\mods\quake2-full\game\m_tank.c(397): warning C4047: 'initializing' : 'edict_t *' differs in levels of indirection from 'int'
     1>c:\users\frankie\gamemod\mods\quake2-full\game\m_tank.c(445): warning C4047: 'initializing' : 'edict_t *' differs in levels of indirection from 'int'
     1>C:\Program Files (x86)\MSBuild\Microsoft.Cpp\v4.0\V120\Microsoft.CppBuild.targets(1186,5): warning MSB8012: TargetPath(C:\Users\Frankie\GameMod\mods\quake2-full\game\..\..\..\..\..\..\Program Files (x86)\Steam\steamapps\common\Quake 2\mod\game.dll) does not match the Linker's OutputFile property value (C:\Program Files (x86)\Steam\steamapps\common\Quake 2\mod\gamex86.dll). This may cause your project to build incorrectly. To correct this, please make sure that $(OutDir), $(TargetName) and $(TargetExt) property values match the value specified in %(Link.OutputFile).
     1>C:\Program Files (x86)\MSBuild\Microsoft.Cpp\v4.0\V120\Microsoft.CppBuild.targets(1188,5): warning MSB8012: TargetName(game) does not match the Linker's OutputFile property value (gamex86). This may cause your project to build incorrectly. To correct this, please make sure that $(OutDir), $(TargetName) and $(TargetExt) property values match the value specified in %(Link.OutputFile).
       Link:
         C:\Program Files (x86)\Microsoft Visual Studio 12.0\VC\bin\link.exe /ERRORREPORT:PROMPT /OUT:"..\..\..\..\..\..\Program Files (x86)\Steam\steamapps\common\Quake 2\mod\gamex86.dll" /INCREMENTAL:NO /NOLOGO winmm.lib kernel32.lib user32.lib gdi32.lib winspool.lib comdlg32.lib advapi32.lib shell32.lib ole32.lib oleaut32.lib uuid.lib odbc32.lib odbccp32.lib /DEF:".\game.def" /MANIFEST /MANIFESTUAC:"level='asInvoker' uiAccess='false'" /manifest:embed /DEBUG /PDB:"..\..\..\..\..\..\Program Files (x86)\Steam\steamapps\common\Quake 2\mod\game.pdb" /SUBSYSTEM:WINDOWS /TLBID:1 /BASE:"0x20000000" /DYNAMICBASE /NXCOMPAT /IMPLIB:".\..\debug\gamex86.lib" /MACHINE:X86 /SAFESEH /DLL .\debug\g_ai.obj
         .\debug\g_chase.obj
         .\debug\g_cmds.obj
         .\debug\g_combat.obj
         .\debug\g_func.obj
         .\debug\g_items.obj
         .\debug\g_main.obj
         .\debug\g_misc.obj
         .\debug\g_monster.obj
         .\debug\g_phys.obj
         .\debug\g_save.obj
         .\debug\g_spawn.obj
         .\debug\g_svcmds.obj
         .\debug\g_target.obj
         .\debug\g_trigger.obj
         .\debug\g_turret.obj
         .\debug\g_utils.obj
         .\debug\g_weapon.obj
         .\debug\m_actor.obj
         .\debug\m_berserk.obj
         .\debug\m_boss2.obj
         .\debug\m_boss3.obj
         .\debug\m_boss31.obj
         .\debug\m_boss32.obj
         .\debug\m_brain.obj
         .\debug\m_chick.obj
         .\debug\m_flash.obj
         .\debug\m_flipper.obj
         .\debug\m_float.obj
         .\debug\m_flyer.obj
         .\debug\m_gladiator.obj
         .\debug\m_gunner.obj
         .\debug\m_hover.obj
         .\debug\m_infantry.obj
         .\debug\m_insane.obj
         .\debug\m_medic.obj
         .\debug\m_move.obj
         .\debug\m_mutant.obj
         .\debug\m_parasite.obj
         .\debug\m_soldier.obj
         .\debug\m_supertank.obj
         .\debug\m_tank.obj
         .\debug\p_client.obj
         .\debug\p_hud.obj
         .\debug\p_trail.obj
         .\debug\p_view.obj
         .\debug\p_weapon.obj
         .\debug\q_shared.obj
     1>g_ai.obj : warning LNK4075: ignoring '/EDITANDCONTINUE' due to '/OPT:LBR' specification
            Creating library .\..\debug\gamex86.lib and object .\..\debug\gamex86.exp
         game.vcxproj -> C:\Users\Frankie\GameMod\mods\quake2-full\game\..\..\..\..\..\..\Program Files (x86)\Steam\steamapps\common\Quake 2\mod\game.dll
     1>Done Building Project "C:\Users\Frankie\GameMod\mods\quake2-full\game\game.vcxproj" (Build target(s)).

Build succeeded.

Time Elapsed 00:00:00.99
